<?xml version="1.0" encoding="UTF-8"?>
<testng-results total="2" passed="2" failed="0" skipped="0">
  <reporter-output>
  </reporter-output>
  <suite started-at="2023-08-26T17:00:18Z" name="test.com.GradeTest" finished-at="2023-08-26T17:00:18Z" duration-ms="37">
    <groups>
    </groups>
    <test started-at="2023-08-26T17:00:18Z" name="Command line test" finished-at="2023-08-26T17:00:18Z" duration-ms="37">
      <class name="test.com.GradeTest">
        <test-method is-config="true" signature="setUpClass()[pri:0, instance:test.com.GradeTest@7a765367]" started-at="2023-08-26T12:00:18Z" name="setUpClass" finished-at="2023-08-26T12:00:18Z" duration-ms="12" status="PASS">
          <reporter-output>
          </reporter-output>
        </test-method> <!-- setUpClass -->
        <test-method is-config="true" signature="setUpMethod()[pri:0, instance:test.com.GradeTest@7a765367]" started-at="2023-08-26T12:00:18Z" name="setUpMethod" finished-at="2023-08-26T12:00:18Z" duration-ms="1" status="PASS">
          <reporter-output>
          </reporter-output>
        </test-method> <!-- setUpMethod -->
        <test-method signature="testGrade()[pri:0, instance:test.com.GradeTest@7a765367]" started-at="2023-08-26T12:00:18Z" name="testGrade" finished-at="2023-08-26T12:00:18Z" duration-ms="4" status="PASS">
          <reporter-output>
          </reporter-output>
        </test-method> <!-- testGrade -->
        <test-method is-config="true" signature="tearDownMethod()[pri:0, instance:test.com.GradeTest@7a765367]" started-at="2023-08-26T12:00:18Z" name="tearDownMethod" finished-at="2023-08-26T12:00:18Z" duration-ms="1" status="PASS">
          <reporter-output>
          </reporter-output>
        </test-method> <!-- tearDownMethod -->
        <test-method is-config="true" signature="setUpMethod()[pri:0, instance:test.com.GradeTest@7a765367]" started-at="2023-08-26T12:00:18Z" name="setUpMethod" finished-at="2023-08-26T12:00:18Z" duration-ms="0" status="PASS">
          <reporter-output>
          </reporter-output>
        </test-method> <!-- setUpMethod -->
        <test-method signature="testGradeFail()[pri:0, instance:test.com.GradeTest@7a765367]" started-at="2023-08-26T12:00:18Z" name="testGradeFail" finished-at="2023-08-26T12:00:18Z" duration-ms="1" status="PASS">
          <reporter-output>
          </reporter-output>
        </test-method> <!-- testGradeFail -->
        <test-method is-config="true" signature="tearDownClass()[pri:0, instance:test.com.GradeTest@7a765367]" started-at="2023-08-26T12:00:18Z" name="tearDownClass" finished-at="2023-08-26T12:00:18Z" duration-ms="1" status="PASS">
          <reporter-output>
          </reporter-output>
        </test-method> <!-- tearDownClass -->
        <test-method is-config="true" signature="tearDownMethod()[pri:0, instance:test.com.GradeTest@7a765367]" started-at="2023-08-26T12:00:18Z" name="tearDownMethod" finished-at="2023-08-26T12:00:18Z" duration-ms="0" status="PASS">
          <reporter-output>
          </reporter-output>
        </test-method> <!-- tearDownMethod -->
      </class> <!-- test.com.GradeTest -->
    </test> <!-- Command line test -->
  </suite> <!-- test.com.GradeTest -->
</testng-results>
